<?xml version="1.0" encoding="UTF-8"?>
<!-- Generated by org.testng.reporters.JUnitReportReporter -->
<testsuite hostname="Aniket" failures="0" tests="1" name="com.swaglabs.testlayer.TC06_RemoveProductFromCartFunctionality" time="8.207" errors="0" timestamp="2025-07-26T13:20:32 IST" skipped="0">
  <testcase classname="com.swaglabs.testlayer.TC06_RemoveProductFromCartFunctionality" name="verifyProductRemovalfromCart" time="8.207"/>
</testsuite> <!-- com.swaglabs.testlayer.TC06_RemoveProductFromCartFunctionality -->
