<?xml version="1.0" encoding="UTF-8"?>
<!-- Generated by org.testng.reporters.JUnitReportReporter -->
<testsuite hostname="Aniket" failures="0" tests="1" name="com.swaglabs.testlayer.TC02_TestInvalidLogin" time="7.805" errors="0" timestamp="2025-07-26T13:20:32 IST" skipped="0">
  <testcase classname="com.swaglabs.testlayer.TC02_TestInvalidLogin" name="testInvalidLogin" time="7.805"/>
</testsuite> <!-- com.swaglabs.testlayer.TC02_TestInvalidLogin -->
