<?xml version="1.0" encoding="UTF-8"?>
<!-- Generated by org.testng.reporters.JUnitReportReporter -->
<testsuite hostname="Aniket" failures="0" tests="1" name="com.swaglabs.testlayer.TC01_CheckLoginFunctionality" time="12.678" errors="0" timestamp="2025-06-15T17:56:48 IST" skipped="0">
  <testcase classname="com.swaglabs.testlayer.TC01_CheckLoginFunctionality" name="LoginTest" time="12.678"/>
  <system-out/>
</testsuite> <!-- com.swaglabs.testlayer.TC01_CheckLoginFunctionality -->
