<?xml version="1.0" encoding="UTF-8"?>
<!-- Generated by org.testng.reporters.JUnitReportReporter -->
<testsuite hostname="Aniket" failures="0" tests="1" name="com.swaglabs.testlayer.TC05_TestAddToCartFunctionality" time="8.704" errors="0" timestamp="2025-06-15T20:05:49 IST" skipped="0">
  <testcase classname="com.swaglabs.testlayer.TC05_TestAddToCartFunctionality" name="verifyProductAdditionToCart" time="8.704"/>
  <system-out/>
</testsuite> <!-- com.swaglabs.testlayer.TC05_TestAddToCartFunctionality -->
