<?xml version="1.0" encoding="UTF-8"?>
<!-- Generated by org.testng.reporters.JUnitReportReporter -->
<testsuite hostname="Aniket" failures="0" tests="1" name="com.swaglabs.testlayer.TC02_TestInvalidLogin" time="8.620" errors="0" timestamp="2025-06-15T20:05:49 IST" skipped="0">
  <testcase classname="com.swaglabs.testlayer.TC02_TestInvalidLogin" name="testInvalidLogin" time="8.620"/>
  <system-out/>
</testsuite> <!-- com.swaglabs.testlayer.TC02_TestInvalidLogin -->
